[www.random/index.html]
[cdnjs.cloudflare.com/ajax/libs/twitter-bootstrap/4.3.1/css/bootstrap.min.css]
[backblue.gif]
[fade.gif]
[index.html]
[cdnjs.cloudflare.com/ajax/libs/font-awesome/5.14.0/css/all.css]
[softr-prod.imgix.net/applications/86edf168-f0d6-40a3-b607-2968eae433fb/assets/d5dcdc77-7861-4225-b2e2-0a64ae4416e1.jpg]
[www.random/earnings-progression.html]
[softr-prod.imgix.net/applications/86edf168-f0d6-40a3-b607-2968eae433fb/assets/c36d2a95-f8b0-4469-a184-d7978a9f80d0.jpg]
[cdnjs.cloudflare.com/ajax/libs/jquery/3.4.1/jquery.min.js]
[cdnjs.cloudflare.com/ajax/libs/popper.js/1.14.7/umd/popper.min.js]
[cdnjs.cloudflare.com/ajax/libs/twitter-bootstrap/4.3.1/js/bootstrap.min.js]
[cdn.jsdelivr.net/npm/bootstrap-select@1.13.14/dist/css/bootstrap-select.min.css]
[cdn.jsdelivr.net/npm/bootstrap-select@1.13.14/dist/js/bootstrap-select.min.js]
[cdnjs.cloudflare.com/ajax/libs/toastr.js/2.1.4/toastr.min.css]
[cdnjs.cloudflare.com/ajax/libs/toastr.js/2.1.4/toastr.min.js]
[cdn.jsdelivr.net/npm/litepicker@2.0.11/dist/css/litepicker.css]
[cdn.jsdelivr.net/npm/litepicker@2.0.11/dist/litepicker.js]
[cdn.jsdelivr.net/npm/litepicker@2.0.11/dist/plugins/mobilefriendly.js]
[www.random/preview.softr.io/index.html]
[www.random/preview.staging.softr.io/index.html]
[www.random/f.txt]
[unpkg.com/ag-grid-community/dist/styles/ag-grid.10.delayed]
[unpkg.com/ag-grid-community@25.3.0/dist/styles/ag-grid.css]
[unpkg.com/ag-grid-community/dist/styles/ag-theme-alpine.12.delayed]
[unpkg.com/ag-grid-community@25.3.0/dist/styles/ag-theme-alpine.css]
[cdnjs.cloudflare.com/ajax/libs/magnific-popup.js/1.0.0/magnific-popup.min.css]
[cdnjs.cloudflare.com/ajax/libs/lity/2.4.1/lity.min.css]
[cdnjs.cloudflare.com/ajax/libs/magnific-popup.js/1.0.0/jquery.magnific-popup.js]
[cdnjs.cloudflare.com/ajax/libs/lity/2.4.1/lity.min.js]
[unpkg.com/ag-grid-community/dist/ag-grid-community.min.noStyle.js]
[unpkg.com/ag-grid-community@25.3.0/dist/ag-grid-community.min.noStyle.js]
[cdnjs.cloudflare.com/ajax/libs/showdown/1.9.1/showdown.min.js]
[www.random/index.html]
[cdnjs.cloudflare.com/ajax/libs/twitter-bootstrap/4.3.1/css/bootstrap.min.css]
[cdnjs.cloudflare.com/ajax/libs/font-awesome/5.14.0/css/all.css]
[cdnjs.cloudflare.com/ajax/libs/iframe-resizer/4.2.11/iframeResizer.contentWindow.js]
[cdn.quilljs.com/1.3.7/quill.core.css]
[www.random/earnings-progression.html]
[cdn.jsdelivr.net/npm/bootstrap-select@1.13.14/dist/css/bootstrap-select.min.css]
[cdnjs.cloudflare.com/ajax/libs/toastr.js/2.1.4/toastr.min.css]
[cdn.jsdelivr.net/npm/litepicker@2.0.11/dist/css/litepicker.css]
[www.random/preview.staging.softr.io/index.html]
[www.random/preview.softr.io/index.html]
[www.random/f.txt]
[unpkg.com/ag-grid-community@25.3.0/dist/styles/ag-grid.css]
[unpkg.com/ag-grid-community@25.3.0/dist/styles/ag-theme-alpine.css]
[cdnjs.cloudflare.com/ajax/libs/magnific-popup.js/1.0.0/magnific-popup.min.css]
[cdnjs.cloudflare.com/ajax/libs/lity/2.4.1/lity.min.css]
[cdn.quilljs.com/1.3.7/quill.core.css]
